[debug] [2025-04-23T04:57:32.626Z] ----------------------------------------------------------------------
[debug] [2025-04-23T04:57:32.628Z] Command:       C:\Program Files\nodejs\node.exe C:\.SE\GGG\node_modules\firebase-tools\lib\bin\firebase.js init hosting
[debug] [2025-04-23T04:57:32.629Z] CLI Version:   14.2.0
[debug] [2025-04-23T04:57:32.629Z] Platform:      win32
[debug] [2025-04-23T04:57:32.629Z] Node Version:  v22.14.0
[debug] [2025-04-23T04:57:32.629Z] Time:          Wed Apr 23 2025 11:57:32 GMT+0700 (Indochina Time)
[debug] [2025-04-23T04:57:32.629Z] ----------------------------------------------------------------------
[debug] 
[debug] [2025-04-23T04:57:32.740Z] > command requires scopes: ["email","openid","https://www.googleapis.com/auth/cloudplatformprojects.readonly","https://www.googleapis.com/auth/firebase","https://www.googleapis.com/auth/cloud-platform"]
[debug] [2025-04-23T04:57:32.740Z] > authorizing via signed-in user (joeyapiwtch@gmail.com)
[info] 
     ######## #### ########  ######## ########     ###     ######  ########
     ##        ##  ##     ## ##       ##     ##  ##   ##  ##       ##
     ######    ##  ########  ######   ########  #########  ######  ######
     ##        ##  ##    ##  ##       ##     ## ##     ##       ## ##
     ##       #### ##     ## ######## ########  ##     ##  ######  ########

You're about to initialize a Firebase project in this directory:

  C:\.SE\GGG

Before we get started, keep in mind:

  * You are currently outside your home directory
  * You are initializing within an existing Firebase project directory

[info] 
=== Project Setup
[info] 
[info] First, let's associate this project directory with a Firebase project.
[info] You can create multiple project aliases by running firebase use --add, 
[info] but for now we'll just set up a default project.
[info] 
[debug] [2025-04-23T04:57:43.404Z] Using project from CLI flag: fireship-lessons
[debug] [2025-04-23T04:57:43.405Z] Checked if tokens are valid: false, expires at: 1745380981208
[debug] [2025-04-23T04:57:43.405Z] Checked if tokens are valid: false, expires at: 1745380981208
[debug] [2025-04-23T04:57:43.405Z] > refreshing access token with scopes: []
[debug] [2025-04-23T04:57:43.406Z] >>> [apiv2][query] POST https://www.googleapis.com/oauth2/v3/token [none]
[debug] [2025-04-23T04:57:43.406Z] >>> [apiv2][body] POST https://www.googleapis.com/oauth2/v3/token [omitted]
[debug] [2025-04-23T04:57:43.824Z] <<< [apiv2][status] POST https://www.googleapis.com/oauth2/v3/token 200
[debug] [2025-04-23T04:57:43.824Z] <<< [apiv2][body] POST https://www.googleapis.com/oauth2/v3/token [omitted]
[debug] [2025-04-23T04:57:43.830Z] >>> [apiv2][query] GET https://firebase.googleapis.com/v1beta1/projects/fireship-lessons [none]
[debug] [2025-04-23T04:57:44.416Z] <<< [apiv2][status] GET https://firebase.googleapis.com/v1beta1/projects/fireship-lessons 403
[debug] [2025-04-23T04:57:44.416Z] <<< [apiv2][body] GET https://firebase.googleapis.com/v1beta1/projects/fireship-lessons {"error":{"code":403,"message":"The caller does not have permission","status":"PERMISSION_DENIED"}}
[debug] [2025-04-23T04:57:44.417Z] Request to https://firebase.googleapis.com/v1beta1/projects/fireship-lessons had HTTP Error: 403, The caller does not have permission
[debug] [2025-04-23T04:57:44.809Z] FirebaseError: Request to https://firebase.googleapis.com/v1beta1/projects/fireship-lessons had HTTP Error: 403, The caller does not have permission
    at responseToError (C:\.SE\GGG\node_modules\firebase-tools\lib\responseToError.js:52:12)
    at RetryOperation._fn (C:\.SE\GGG\node_modules\firebase-tools\lib\apiv2.js:312:77)
    at process.processTicksAndRejections (node:internal/process/task_queues:105:5)
[error] 
[error] Error: Failed to get Firebase project fireship-lessons. Please make sure the project exists and your account has permission to access it.
[debug] [2025-04-23T04:57:46.464Z] ----------------------------------------------------------------------
[debug] [2025-04-23T04:57:46.466Z] Command:       C:\Program Files\nodejs\node.exe C:\.SE\GGG\node_modules\firebase-tools\lib\bin\firebase.js init emulators
[debug] [2025-04-23T04:57:46.466Z] CLI Version:   14.2.0
[debug] [2025-04-23T04:57:46.466Z] Platform:      win32
[debug] [2025-04-23T04:57:46.466Z] Node Version:  v22.14.0
[debug] [2025-04-23T04:57:46.467Z] Time:          Wed Apr 23 2025 11:57:46 GMT+0700 (Indochina Time)
[debug] [2025-04-23T04:57:46.467Z] ----------------------------------------------------------------------
[debug] 
[debug] [2025-04-23T04:57:46.582Z] > command requires scopes: ["email","openid","https://www.googleapis.com/auth/cloudplatformprojects.readonly","https://www.googleapis.com/auth/firebase","https://www.googleapis.com/auth/cloud-platform"]
[debug] [2025-04-23T04:57:46.582Z] > authorizing via signed-in user (joeyapiwtch@gmail.com)
[info] 
     ######## #### ########  ######## ########     ###     ######  ########
     ##        ##  ##     ## ##       ##     ##  ##   ##  ##       ##
     ######    ##  ########  ######   ########  #########  ######  ######
     ##        ##  ##    ##  ##       ##     ## ##     ##       ## ##
     ##       #### ##     ## ######## ########  ##     ##  ######  ########

You're about to initialize a Firebase project in this directory:

  C:\.SE\GGG

Before we get started, keep in mind:

  * You are currently outside your home directory
  * You are initializing within an existing Firebase project directory

[info] 
=== Project Setup
[info] 
[info] First, let's associate this project directory with a Firebase project.
[info] You can create multiple project aliases by running firebase use --add, 
[info] but for now we'll just set up a default project.
[info] 
[debug] [2025-04-23T04:57:48.504Z] Using project from CLI flag: fireship-lessons
[debug] [2025-04-23T04:57:48.505Z] Checked if tokens are valid: true, expires at: 1745387862824
[debug] [2025-04-23T04:57:48.505Z] Checked if tokens are valid: true, expires at: 1745387862824
[debug] [2025-04-23T04:57:48.506Z] >>> [apiv2][query] GET https://firebase.googleapis.com/v1beta1/projects/fireship-lessons [none]
[debug] [2025-04-23T04:57:49.302Z] <<< [apiv2][status] GET https://firebase.googleapis.com/v1beta1/projects/fireship-lessons 403
[debug] [2025-04-23T04:57:49.302Z] <<< [apiv2][body] GET https://firebase.googleapis.com/v1beta1/projects/fireship-lessons {"error":{"code":403,"message":"The caller does not have permission","status":"PERMISSION_DENIED"}}
[debug] [2025-04-23T04:57:49.303Z] Request to https://firebase.googleapis.com/v1beta1/projects/fireship-lessons had HTTP Error: 403, The caller does not have permission
[debug] [2025-04-23T04:57:49.587Z] FirebaseError: Request to https://firebase.googleapis.com/v1beta1/projects/fireship-lessons had HTTP Error: 403, The caller does not have permission
    at responseToError (C:\.SE\GGG\node_modules\firebase-tools\lib\responseToError.js:52:12)
    at RetryOperation._fn (C:\.SE\GGG\node_modules\firebase-tools\lib\apiv2.js:312:77)
    at process.processTicksAndRejections (node:internal/process/task_queues:105:5)
[error] 
[error] Error: Failed to get Firebase project fireship-lessons. Please make sure the project exists and your account has permission to access it.
